<?xml version="1.0" encoding="UTF-8"?>
<testsuite xmlns:xsi="http://www.w3.org/2001/XMLSchema-instance" xsi:noNamespaceSchemaLocation="https://maven.apache.org/surefire/maven-surefire-plugin/xsd/surefire-test-report-3.0.xsd" version="3.0" name="TestSuite" time="27.088" tests="3" errors="0" skipped="0" failures="0">
  <properties>
[...]
</properties>
  <testcase name="petStoreTC1" classname="seltestng1.CrossBrowser" time="15.82">
    <system-err><![CDATA[SLF4J: Failed to load class "org.slf4j.impl.StaticLoggerBinder".
SLF4J: Defaulting to no-operation (NOP) logger implementation
SLF4J: See http://www.slf4j.org/codes.html#StaticLoggerBinder for further details.
Starting Microsoft Edge WebDriver 113.0.1774.42 (881f341807652d12d315d777648a97d88e1ff425) on port 29324
To submit feedback, report a bug, or suggest new features, please visit https://github.com/MicrosoftEdge/EdgeWebDriver

Only local connections are allowed.
Please see https://aka.ms/WebDriverSecurity for suggestions on keeping Microsoft Edge WebDriver safe.

1685885950222	geckodriver	INFO	Listening on 127.0.0.1:23127
1685885950774	mozrunner::runner	INFO	Running command: "C:\\Program Files\\Mozilla Firefox\\firefox.exe" "--marionette" "--remote-debugging-port" "9415" "--remote- ... ocalhost:9415/,http://[::1]:9415/" "-no-remote" "-profile" "C:\\Users\\0022IV~1\\AppData\\Local\\Temp\\rust_mozprofilegErLK5"
console.warn: services.settings: Ignoring preference override of remote settings server
console.warn: services.settings: Allow by setting MOZ_REMOTE_SETTINGS_DEVTOOLS=1 in the environment
1685885951507	Marionette	INFO	Marionette enabled
Dynamically enable window occlusion 0
1685885951519	Marionette	INFO	Listening on port 57340
Read port: 57340
WebDriver BiDi listening on ws://127.0.0.1:9415
Microsoft Edge WebDriver was started successfully.
1685885951922	RemoteAgent	WARN	TLS certificate errors will be ignored for this session
[1685885953.854][WARNING]: This version of Microsoft Edge WebDriver has not been tested with Microsoft Edge version 114.
Starting ChromeDriver 113.0.5672.63 (0e1a4471d5ae5bf128b1bd8f4d627c8cbd55f70c-refs/branch-heads/5672@{#912}) on port 40396
Only local connections are allowed.
Please see https://chromedriver.chromium.org/security-considerations for suggestions on keeping ChromeDriver safe.
ChromeDriver was started successfully.
Jun 04, 2023 7:09:14 PM org.openqa.selenium.devtools.CdpVersionFinder findNearestMatch
WARNING: Unable to find an exact match for CDP version 114, so returning the closest version found: 113
[1685885955.747][WARNING]: This version of ChromeDriver has not been tested with Chrome version 114.
Jun 04, 2023 7:09:16 PM org.openqa.selenium.devtools.CdpVersionFinder findNearestMatch
WARNING: Unable to find an exact match for CDP version 114, so returning the closest version found: 113
[ERROR glean_core] Error setting metrics feature config: Json(Error("EOF while parsing a value", line: 1, column: 0))
DevTools listening on ws://127.0.0.1:9415/devtools/browser/e913dc7b-16e9-4604-9801-4402ead0c41d
]]></system-err>
  </testcase>
  <testcase name="petStoreTC1" classname="seltestng1.CrossBrowser" time="16.362"/>
  <testcase name="petStoreTC1" classname="seltestng1.CrossBrowser" time="17.574">
    <system-err><![CDATA[console.warn: LoginRecipes: "Falling back to a synchronous message for: https://petstore.octoperf.com."
console.warn: LoginRecipes: "Falling back to a synchronous message for: https://petstore.octoperf.com."
]]></system-err>
  </testcase>
</testsuite>