<?xml version="1.0" encoding="UTF-8"?>
<testng-results ignored="0" total="3" passed="3" failed="0" skipped="0">
  <reporter-output>
  </reporter-output>
  <suite started-at="2023-06-04T19:09:09 IST" name="MultipleBrowserTesting" finished-at="2023-06-04T19:09:35 IST" duration-ms="26267">
    <groups>
    </groups>
    <test started-at="2023-06-04T19:09:09 IST" name="EdgeTest" finished-at="2023-06-04T19:09:33 IST" duration-ms="24517">
      <class name="seltestng1.CrossBrowser">
        <test-method is-config="true" signature="setup(java.lang.String)[pri:0, instance:seltestng1.CrossBrowser@12468a38]" started-at="2023-06-04T19:09:09 IST" name="setup" finished-at="2023-06-04T19:09:14 IST" duration-ms="5681" status="PASS">
          <params>
            <param index="0">
              <value>
                <![CDATA[edge]]>
              </value>
            </param>
          </params>
          <reporter-output>
          </reporter-output>
        </test-method> <!-- setup -->
        <test-method signature="petStoreTC1()[pri:0, instance:seltestng1.CrossBrowser@12468a38]" started-at="2023-06-04T19:09:15 IST" name="petStoreTC1" finished-at="2023-06-04T19:09:33 IST" duration-ms="18748" status="PASS">
          <reporter-output>
          </reporter-output>
        </test-method> <!-- petStoreTC1 -->
      </class> <!-- seltestng1.CrossBrowser -->
    </test> <!-- EdgeTest -->
    <test started-at="2023-06-04T19:09:09 IST" name="ChromeTest" finished-at="2023-06-04T19:09:34 IST" duration-ms="25055">
      <class name="seltestng1.CrossBrowser">
        <test-method is-config="true" signature="setup(java.lang.String)[pri:0, instance:seltestng1.CrossBrowser@67d48005]" started-at="2023-06-04T19:09:09 IST" name="setup" finished-at="2023-06-04T19:09:16 IST" duration-ms="6887" status="PASS">
          <params>
            <param index="0">
              <value>
                <![CDATA[chrome]]>
              </value>
            </param>
          </params>
          <reporter-output>
          </reporter-output>
        </test-method> <!-- setup -->
        <test-method signature="petStoreTC1()[pri:0, instance:seltestng1.CrossBrowser@67d48005]" started-at="2023-06-04T19:09:16 IST" name="petStoreTC1" finished-at="2023-06-04T19:09:34 IST" duration-ms="18143" status="PASS">
          <reporter-output>
          </reporter-output>
        </test-method> <!-- petStoreTC1 -->
      </class> <!-- seltestng1.CrossBrowser -->
    </test> <!-- ChromeTest -->
    <test started-at="2023-06-04T19:09:09 IST" name="FirefoxTest" finished-at="2023-06-04T19:09:35 IST" duration-ms="26267">
      <class name="seltestng1.CrossBrowser">
        <test-method is-config="true" signature="setup(java.lang.String)[pri:0, instance:seltestng1.CrossBrowser@43195e57]" started-at="2023-06-04T19:09:09 IST" name="setup" finished-at="2023-06-04T19:09:17 IST" duration-ms="8675" status="PASS">
          <params>
            <param index="0">
              <value>
                <![CDATA[firefox]]>
              </value>
            </param>
          </params>
          <reporter-output>
          </reporter-output>
        </test-method> <!-- setup -->
        <test-method signature="petStoreTC1()[pri:0, instance:seltestng1.CrossBrowser@43195e57]" started-at="2023-06-04T19:09:17 IST" name="petStoreTC1" finished-at="2023-06-04T19:09:35 IST" duration-ms="17574" status="PASS">
          <reporter-output>
          </reporter-output>
        </test-method> <!-- petStoreTC1 -->
      </class> <!-- seltestng1.CrossBrowser -->
    </test> <!-- FirefoxTest -->
  </suite> <!-- MultipleBrowserTesting -->
</testng-results>
